{"uid":"c0331d92863f6278","name":"test_user_creates_build_without_name","fullName":"tests.ui_tests.test_create_build.TestCreateBuild#test_user_creates_build_without_name","historyId":"24960f89a1178d0d664afcbaa0444a3e","time":{"start":1743517765334,"stop":1743517765426,"duration":92},"description":"User should not be able to create build without a name","descriptionHtml":"<p>User should not be able to create build without a name</p>\n","status":"failed","statusMessage":"AssertionError: Ошибка: 401","statusTrace":"self = <test_create_build.TestCreateBuild object at 0x7fe23bec4ad0>\n\n    def test_user_creates_build_without_name(self):\n        \"\"\"User should not be able to create build without a name\"\"\"\n        # подготовка окружения\n        with allure.step(\"Create user and project\"):\n            user_request = CheckedRequest(self.specifications.superUserSpec(), Endpoint.USERS.url)\n>           user_request.create(self.test_data.user.model_dump())\n\ntests/ui_tests/test_create_build.py:50: \n_ _ _ _ _ _ _ _ _ _ _ _ _ _ _ _ _ _ _ _ _ _ _ _ _ _ _ _ _ _ _ _ _ _ _ _ _ _ _ _ \n\nself = <main.api.requests.checked_crud_request.CheckedRequest object at 0x7fe23bdfadd0>\nmodel = {'email': 'reneespencer@example.org', 'password': 'Z+L3M+htuY', 'properties': {'property': [{'name': 'prop1', 'value': 'performance'}]}, 'roles': {'role': [{'roleId': 'PROJECT_ADMIN', 'scope': 'g'}]}, ...}\n\n    def create(self, model):\n        response = self.unchecked_request.create(model)\n        #TODO: переделать на использование исключений\n>       assert response.status_code == 200, f\"Ошибка: {response.status_code}\"\nE       AssertionError: Ошибка: 401\n\nmain/api/requests/checked_crud_request.py:16: AssertionError","flaky":false,"newFailed":false,"newBroken":false,"newPassed":false,"retriesCount":0,"retriesStatusChange":false,"beforeStages":[{"name":"_session_faker","time":{"start":1743517760794,"stop":1743517760838,"duration":44},"status":"passed","steps":[],"attachments":[],"parameters":[],"shouldDisplayMessage":false,"stepsCount":0,"attachmentsCount":0,"hasContent":false},{"name":"_xunit_setup_method_fixture_TestCreateBuild","time":{"start":1743517763189,"stop":1743517765333,"duration":2144},"status":"passed","steps":[],"attachments":[],"parameters":[],"shouldDisplayMessage":false,"stepsCount":0,"attachmentsCount":0,"hasContent":false}],"testStage":{"description":"User should not be able to create build without a name","status":"failed","statusMessage":"AssertionError: Ошибка: 401","statusTrace":"self = <test_create_build.TestCreateBuild object at 0x7fe23bec4ad0>\n\n    def test_user_creates_build_without_name(self):\n        \"\"\"User should not be able to create build without a name\"\"\"\n        # подготовка окружения\n        with allure.step(\"Create user and project\"):\n            user_request = CheckedRequest(self.specifications.superUserSpec(), Endpoint.USERS.url)\n>           user_request.create(self.test_data.user.model_dump())\n\ntests/ui_tests/test_create_build.py:50: \n_ _ _ _ _ _ _ _ _ _ _ _ _ _ _ _ _ _ _ _ _ _ _ _ _ _ _ _ _ _ _ _ _ _ _ _ _ _ _ _ \n\nself = <main.api.requests.checked_crud_request.CheckedRequest object at 0x7fe23bdfadd0>\nmodel = {'email': 'reneespencer@example.org', 'password': 'Z+L3M+htuY', 'properties': {'property': [{'name': 'prop1', 'value': 'performance'}]}, 'roles': {'role': [{'roleId': 'PROJECT_ADMIN', 'scope': 'g'}]}, ...}\n\n    def create(self, model):\n        response = self.unchecked_request.create(model)\n        #TODO: переделать на использование исключений\n>       assert response.status_code == 200, f\"Ошибка: {response.status_code}\"\nE       AssertionError: Ошибка: 401\n\nmain/api/requests/checked_crud_request.py:16: AssertionError","steps":[{"name":"Create user and project","time":{"start":1743517765334,"stop":1743517765426,"duration":92},"status":"failed","statusMessage":"AssertionError: Ошибка: 401\n","statusTrace":"  File \"/home/runner/work/teamcity_test_framework/teamcity_test_framework/tests/ui_tests/test_create_build.py\", line 50, in test_user_creates_build_without_name\n    user_request.create(self.test_data.user.model_dump())\n  File \"/home/runner/work/teamcity_test_framework/teamcity_test_framework/main/api/requests/checked_crud_request.py\", line 16, in create\n    assert response.status_code == 200, f\"Ошибка: {response.status_code}\"\n           ^^^^^^^^^^^^^^^^^^^^^^^^^^^\n","steps":[],"attachments":[],"parameters":[],"shouldDisplayMessage":true,"stepsCount":0,"attachmentsCount":0,"hasContent":true}],"attachments":[{"uid":"ffc5e47a347c1d00","name":"log","source":"ffc5e47a347c1d00.txt","type":"text/plain","size":2223},{"uid":"eca527526b3bca6c","name":"stdout","source":"eca527526b3bca6c.txt","type":"text/plain","size":157}],"parameters":[],"shouldDisplayMessage":true,"stepsCount":1,"attachmentsCount":2,"hasContent":true},"afterStages":[{"name":"_xunit_setup_method_fixture_TestCreateBuild::0","time":{"start":1743517765434,"stop":1743517765544,"duration":110},"status":"passed","steps":[],"attachments":[],"parameters":[],"shouldDisplayMessage":false,"stepsCount":0,"attachmentsCount":0,"hasContent":false}],"labels":[{"name":"tag","value":"regression"},{"name":"parentSuite","value":"tests.ui_tests"},{"name":"suite","value":"test_create_build"},{"name":"subSuite","value":"TestCreateBuild"},{"name":"host","value":"fv-az1120-17"},{"name":"thread","value":"4229-MainThread"},{"name":"framework","value":"pytest"},{"name":"language","value":"cpython3"},{"name":"package","value":"tests.ui_tests.test_create_build"},{"name":"resultFormat","value":"allure2"}],"parameters":[],"links":[],"hidden":false,"retry":false,"extra":{"severity":"normal","retries":[],"categories":[{"name":"Product defects","matchedStatuses":[],"flaky":false}],"tags":["regression"]},"source":"c0331d92863f6278.json","parameterValues":[]}