{"uid":"e08c1f1b5206bce9","name":"test_user_creates_build","fullName":"tests.ui_tests.test_create_build.TestCreateBuild#test_user_creates_build","historyId":"0df0464e23757e98009be32e2329e3b3","time":{"start":1743517762891,"stop":1743517763051,"duration":160},"description":"User should be able to create build","descriptionHtml":"<p>User should be able to create build</p>\n","status":"failed","statusMessage":"AssertionError: Ошибка: 401","statusTrace":"self = <test_create_build.TestCreateBuild object at 0x7fe23bec3e90>\n\n    def test_user_creates_build(self):\n        \"\"\"User should be able to create build\"\"\"\n        # подготовка окружения\n        with allure.step(\"Create user and project\"):\n            user_request = CheckedRequest(self.specifications.superUserSpec(), Endpoint.USERS.url)\n>           user_request.create(self.test_data.user.model_dump())\n\ntests/ui_tests/test_create_build.py:20: \n_ _ _ _ _ _ _ _ _ _ _ _ _ _ _ _ _ _ _ _ _ _ _ _ _ _ _ _ _ _ _ _ _ _ _ _ _ _ _ _ \n\nself = <main.api.requests.checked_crud_request.CheckedRequest object at 0x7fe23bec45d0>\nmodel = {'email': 'smartinez@example.org', 'password': 'k7W%iMIi@Z', 'properties': {'property': [{'name': 'prop1', 'value': 'low'}]}, 'roles': {'role': [{'roleId': 'PROJECT_ADMIN', 'scope': 'g'}]}, ...}\n\n    def create(self, model):\n        response = self.unchecked_request.create(model)\n        #TODO: переделать на использование исключений\n>       assert response.status_code == 200, f\"Ошибка: {response.status_code}\"\nE       AssertionError: Ошибка: 401\n\nmain/api/requests/checked_crud_request.py:16: AssertionError","flaky":false,"newFailed":false,"newBroken":false,"newPassed":false,"retriesCount":0,"retriesStatusChange":false,"beforeStages":[{"name":"_session_faker","time":{"start":1743517760794,"stop":1743517760838,"duration":44},"status":"passed","steps":[],"attachments":[],"parameters":[],"shouldDisplayMessage":false,"stepsCount":0,"attachmentsCount":0,"hasContent":false},{"name":"_xunit_setup_method_fixture_TestCreateBuild","time":{"start":1743517760838,"stop":1743517762890,"duration":2052},"status":"passed","steps":[],"attachments":[],"parameters":[],"shouldDisplayMessage":false,"stepsCount":0,"attachmentsCount":0,"hasContent":false}],"testStage":{"description":"User should be able to create build","status":"failed","statusMessage":"AssertionError: Ошибка: 401","statusTrace":"self = <test_create_build.TestCreateBuild object at 0x7fe23bec3e90>\n\n    def test_user_creates_build(self):\n        \"\"\"User should be able to create build\"\"\"\n        # подготовка окружения\n        with allure.step(\"Create user and project\"):\n            user_request = CheckedRequest(self.specifications.superUserSpec(), Endpoint.USERS.url)\n>           user_request.create(self.test_data.user.model_dump())\n\ntests/ui_tests/test_create_build.py:20: \n_ _ _ _ _ _ _ _ _ _ _ _ _ _ _ _ _ _ _ _ _ _ _ _ _ _ _ _ _ _ _ _ _ _ _ _ _ _ _ _ \n\nself = <main.api.requests.checked_crud_request.CheckedRequest object at 0x7fe23bec45d0>\nmodel = {'email': 'smartinez@example.org', 'password': 'k7W%iMIi@Z', 'properties': {'property': [{'name': 'prop1', 'value': 'low'}]}, 'roles': {'role': [{'roleId': 'PROJECT_ADMIN', 'scope': 'g'}]}, ...}\n\n    def create(self, model):\n        response = self.unchecked_request.create(model)\n        #TODO: переделать на использование исключений\n>       assert response.status_code == 200, f\"Ошибка: {response.status_code}\"\nE       AssertionError: Ошибка: 401\n\nmain/api/requests/checked_crud_request.py:16: AssertionError","steps":[{"name":"Create user and project","time":{"start":1743517762891,"stop":1743517763050,"duration":159},"status":"failed","statusMessage":"AssertionError: Ошибка: 401\n","statusTrace":"  File \"/home/runner/work/teamcity_test_framework/teamcity_test_framework/tests/ui_tests/test_create_build.py\", line 20, in test_user_creates_build\n    user_request.create(self.test_data.user.model_dump())\n  File \"/home/runner/work/teamcity_test_framework/teamcity_test_framework/main/api/requests/checked_crud_request.py\", line 16, in create\n    assert response.status_code == 200, f\"Ошибка: {response.status_code}\"\n           ^^^^^^^^^^^^^^^^^^^^^^^^^^^\n","steps":[],"attachments":[],"parameters":[],"shouldDisplayMessage":true,"stepsCount":0,"attachmentsCount":0,"hasContent":true}],"attachments":[{"uid":"7adef0d16ed51a74","name":"log","source":"7adef0d16ed51a74.txt","type":"text/plain","size":2223},{"uid":"998bf947fb6d4b43","name":"stdout","source":"998bf947fb6d4b43.txt","type":"text/plain","size":157}],"parameters":[],"shouldDisplayMessage":true,"stepsCount":1,"attachmentsCount":2,"hasContent":true},"afterStages":[{"name":"_xunit_setup_method_fixture_TestCreateBuild::0","time":{"start":1743517763133,"stop":1743517763187,"duration":54},"status":"passed","steps":[],"attachments":[],"parameters":[],"shouldDisplayMessage":false,"stepsCount":0,"attachmentsCount":0,"hasContent":false}],"labels":[{"name":"tag","value":"regression"},{"name":"parentSuite","value":"tests.ui_tests"},{"name":"suite","value":"test_create_build"},{"name":"subSuite","value":"TestCreateBuild"},{"name":"host","value":"fv-az1120-17"},{"name":"thread","value":"4229-MainThread"},{"name":"framework","value":"pytest"},{"name":"language","value":"cpython3"},{"name":"package","value":"tests.ui_tests.test_create_build"},{"name":"resultFormat","value":"allure2"}],"parameters":[],"links":[],"hidden":false,"retry":false,"extra":{"severity":"normal","retries":[],"categories":[{"name":"Product defects","matchedStatuses":[],"flaky":false}],"tags":["regression"]},"source":"e08c1f1b5206bce9.json","parameterValues":[]}