{"uid":"f47588642fde860a","name":"test_user_creates_project","fullName":"tests.ui_tests.test_create_project.TestCreateProject#test_user_creates_project","historyId":"e2df57f8163150f48dde7f3459b1abfb","time":{"start":1743519744609,"stop":1743519744727,"duration":118},"description":"User should be able to create project","descriptionHtml":"<p>User should be able to create project</p>\n","status":"failed","statusMessage":"AssertionError: Ошибка: 401","statusTrace":"self = <test_create_project.TestCreateProject object at 0x7fed6aa56b50>\n\n    def test_user_creates_project(self):\n        \"\"\"User should be able to create project\"\"\"\n        #подготовка окружения\n        with allure.step(\"Login as user\"):\n            user_request = CheckedRequest(self.specifications.superUserSpec(), Endpoint.USERS.url)\n>           user_request.create(self.test_data.user.model_dump())\n\ntests/ui_tests/test_create_project.py:20: \n_ _ _ _ _ _ _ _ _ _ _ _ _ _ _ _ _ _ _ _ _ _ _ _ _ _ _ _ _ _ _ _ _ _ _ _ _ _ _ _ \n\nself = <main.api.requests.checked_crud_request.CheckedRequest object at 0x7fed6a9719d0>\nmodel = {'email': 'michael19@example.net', 'password': '(M3JUlXY5F', 'properties': {'property': [{'name': 'prop1', 'value': 'billion'}]}, 'roles': {'role': [{'roleId': 'PROJECT_ADMIN', 'scope': 'g'}]}, ...}\n\n    def create(self, model):\n        response = self.unchecked_request.create(model)\n        #TODO: переделать на использование исключений\n>       assert response.status_code == 200, f\"Ошибка: {response.status_code}\"\nE       AssertionError: Ошибка: 401\n\nmain/api/requests/checked_crud_request.py:16: AssertionError","flaky":false,"newFailed":false,"newBroken":false,"newPassed":false,"retriesCount":0,"retriesStatusChange":false,"beforeStages":[{"name":"_session_faker","time":{"start":1743519736603,"stop":1743519736648,"duration":45},"status":"passed","steps":[],"attachments":[],"parameters":[],"shouldDisplayMessage":false,"stepsCount":0,"attachmentsCount":0,"hasContent":false},{"name":"_xunit_setup_method_fixture_TestCreateProject","time":{"start":1743519742505,"stop":1743519744609,"duration":2104},"status":"passed","steps":[],"attachments":[],"parameters":[],"shouldDisplayMessage":false,"stepsCount":0,"attachmentsCount":0,"hasContent":false}],"testStage":{"description":"User should be able to create project","status":"failed","statusMessage":"AssertionError: Ошибка: 401","statusTrace":"self = <test_create_project.TestCreateProject object at 0x7fed6aa56b50>\n\n    def test_user_creates_project(self):\n        \"\"\"User should be able to create project\"\"\"\n        #подготовка окружения\n        with allure.step(\"Login as user\"):\n            user_request = CheckedRequest(self.specifications.superUserSpec(), Endpoint.USERS.url)\n>           user_request.create(self.test_data.user.model_dump())\n\ntests/ui_tests/test_create_project.py:20: \n_ _ _ _ _ _ _ _ _ _ _ _ _ _ _ _ _ _ _ _ _ _ _ _ _ _ _ _ _ _ _ _ _ _ _ _ _ _ _ _ \n\nself = <main.api.requests.checked_crud_request.CheckedRequest object at 0x7fed6a9719d0>\nmodel = {'email': 'michael19@example.net', 'password': '(M3JUlXY5F', 'properties': {'property': [{'name': 'prop1', 'value': 'billion'}]}, 'roles': {'role': [{'roleId': 'PROJECT_ADMIN', 'scope': 'g'}]}, ...}\n\n    def create(self, model):\n        response = self.unchecked_request.create(model)\n        #TODO: переделать на использование исключений\n>       assert response.status_code == 200, f\"Ошибка: {response.status_code}\"\nE       AssertionError: Ошибка: 401\n\nmain/api/requests/checked_crud_request.py:16: AssertionError","steps":[{"name":"Login as user","time":{"start":1743519744610,"stop":1743519744726,"duration":116},"status":"failed","statusMessage":"AssertionError: Ошибка: 401\n","statusTrace":"  File \"/home/runner/work/teamcity_test_framework/teamcity_test_framework/tests/ui_tests/test_create_project.py\", line 20, in test_user_creates_project\n    user_request.create(self.test_data.user.model_dump())\n  File \"/home/runner/work/teamcity_test_framework/teamcity_test_framework/main/api/requests/checked_crud_request.py\", line 16, in create\n    assert response.status_code == 200, f\"Ошибка: {response.status_code}\"\n           ^^^^^^^^^^^^^^^^^^^^^^^^^^^\n","steps":[],"attachments":[],"parameters":[],"shouldDisplayMessage":true,"stepsCount":0,"attachmentsCount":0,"hasContent":true}],"attachments":[{"uid":"a0811142afce8747","name":"log","source":"a0811142afce8747.txt","type":"text/plain","size":2223},{"uid":"81f2f36a4b6e74f1","name":"stdout","source":"81f2f36a4b6e74f1.txt","type":"text/plain","size":157}],"parameters":[],"shouldDisplayMessage":true,"stepsCount":1,"attachmentsCount":2,"hasContent":true},"afterStages":[{"name":"_xunit_setup_method_fixture_TestCreateProject::0","time":{"start":1743519744735,"stop":1743519744790,"duration":55},"status":"passed","steps":[],"attachments":[],"parameters":[],"shouldDisplayMessage":false,"stepsCount":0,"attachmentsCount":0,"hasContent":false}],"labels":[{"name":"tag","value":"regression"},{"name":"parentSuite","value":"tests.ui_tests"},{"name":"suite","value":"test_create_project"},{"name":"subSuite","value":"TestCreateProject"},{"name":"host","value":"fv-az1050-876"},{"name":"thread","value":"4310-MainThread"},{"name":"framework","value":"pytest"},{"name":"language","value":"cpython3"},{"name":"package","value":"tests.ui_tests.test_create_project"},{"name":"resultFormat","value":"allure2"}],"parameters":[],"links":[],"hidden":false,"retry":false,"extra":{"severity":"normal","retries":[],"categories":[{"name":"Product defects","matchedStatuses":[],"flaky":false}],"history":{"statistic":{"failed":3,"broken":0,"skipped":0,"passed":0,"unknown":0,"total":3},"items":[{"uid":"2c6c80486b929b10","reportUrl":"https://BonbonCola.github.io/teamcity_test_framework/ui/48//#testresult/2c6c80486b929b10","status":"failed","statusDetails":"AssertionError: Ошибка: 401","time":{"start":1743518611030,"stop":1743518611139,"duration":109}},{"uid":"d8dd168680d77fcd","reportUrl":"https://BonbonCola.github.io/teamcity_test_framework/ui/48//#testresult/d8dd168680d77fcd","status":"failed","statusDetails":"AssertionError: Ошибка: 401","time":{"start":1743517767459,"stop":1743517767561,"duration":102}}]},"tags":["regression"]},"source":"f47588642fde860a.json","parameterValues":[]}