{"uid":"f9b2f9edfbdfae4c","name":"test_user_creates_build","fullName":"tests.ui_tests.test_create_build.TestCreateBuild#test_user_creates_build","historyId":"0df0464e23757e98009be32e2329e3b3","time":{"start":1743521864444,"stop":1743521864562,"duration":118},"description":"User should be able to create build","descriptionHtml":"<p>User should be able to create build</p>\n","status":"failed","statusMessage":"AssertionError: Ошибка: 401","statusTrace":"self = <test_create_build.TestCreateBuild object at 0x7fb7bdfebc10>\n\n    def test_user_creates_build(self):\n        \"\"\"User should be able to create build\"\"\"\n        # подготовка окружения\n        with allure.step(\"Create user and project\"):\n            user_request = CheckedRequest(self.specifications.superUserSpec(), Endpoint.USERS.url)\n>           user_request.create(self.test_data.user.model_dump())\n\ntests/ui_tests/test_create_build.py:20: \n_ _ _ _ _ _ _ _ _ _ _ _ _ _ _ _ _ _ _ _ _ _ _ _ _ _ _ _ _ _ _ _ _ _ _ _ _ _ _ _ \n\nself = <main.api.requests.checked_crud_request.CheckedRequest object at 0x7fb7be206050>\nmodel = {'email': 'donaldjohnson@example.org', 'password': 'wV7BwWM1!5', 'properties': {'property': [{'name': 'prop1', 'value': 'include'}]}, 'roles': {'role': [{'roleId': 'PROJECT_ADMIN', 'scope': 'g'}]}, ...}\n\n    def create(self, model):\n        response = self.unchecked_request.create(model)\n        #TODO: переделать на использование исключений\n>       assert response.status_code == 200, f\"Ошибка: {response.status_code}\"\nE       AssertionError: Ошибка: 401\n\nmain/api/requests/checked_crud_request.py:16: AssertionError","flaky":false,"newFailed":false,"newBroken":false,"newPassed":false,"retriesCount":0,"retriesStatusChange":false,"beforeStages":[{"name":"_session_faker","time":{"start":1743521860280,"stop":1743521860340,"duration":60},"status":"passed","steps":[],"attachments":[],"parameters":[],"shouldDisplayMessage":false,"stepsCount":0,"attachmentsCount":0,"hasContent":false},{"name":"_xunit_setup_method_fixture_TestCreateBuild","time":{"start":1743521860341,"stop":1743521864443,"duration":4102},"status":"passed","steps":[],"attachments":[],"parameters":[],"shouldDisplayMessage":false,"stepsCount":0,"attachmentsCount":0,"hasContent":false}],"testStage":{"description":"User should be able to create build","status":"failed","statusMessage":"AssertionError: Ошибка: 401","statusTrace":"self = <test_create_build.TestCreateBuild object at 0x7fb7bdfebc10>\n\n    def test_user_creates_build(self):\n        \"\"\"User should be able to create build\"\"\"\n        # подготовка окружения\n        with allure.step(\"Create user and project\"):\n            user_request = CheckedRequest(self.specifications.superUserSpec(), Endpoint.USERS.url)\n>           user_request.create(self.test_data.user.model_dump())\n\ntests/ui_tests/test_create_build.py:20: \n_ _ _ _ _ _ _ _ _ _ _ _ _ _ _ _ _ _ _ _ _ _ _ _ _ _ _ _ _ _ _ _ _ _ _ _ _ _ _ _ \n\nself = <main.api.requests.checked_crud_request.CheckedRequest object at 0x7fb7be206050>\nmodel = {'email': 'donaldjohnson@example.org', 'password': 'wV7BwWM1!5', 'properties': {'property': [{'name': 'prop1', 'value': 'include'}]}, 'roles': {'role': [{'roleId': 'PROJECT_ADMIN', 'scope': 'g'}]}, ...}\n\n    def create(self, model):\n        response = self.unchecked_request.create(model)\n        #TODO: переделать на использование исключений\n>       assert response.status_code == 200, f\"Ошибка: {response.status_code}\"\nE       AssertionError: Ошибка: 401\n\nmain/api/requests/checked_crud_request.py:16: AssertionError","steps":[{"name":"Create user and project","time":{"start":1743521864444,"stop":1743521864562,"duration":118},"status":"failed","statusMessage":"AssertionError: Ошибка: 401\n","statusTrace":"  File \"/home/runner/work/teamcity_test_framework/teamcity_test_framework/tests/ui_tests/test_create_build.py\", line 20, in test_user_creates_build\n    user_request.create(self.test_data.user.model_dump())\n  File \"/home/runner/work/teamcity_test_framework/teamcity_test_framework/main/api/requests/checked_crud_request.py\", line 16, in create\n    assert response.status_code == 200, f\"Ошибка: {response.status_code}\"\n           ^^^^^^^^^^^^^^^^^^^^^^^^^^^\n","steps":[],"attachments":[],"parameters":[],"shouldDisplayMessage":true,"stepsCount":0,"attachmentsCount":0,"hasContent":true}],"attachments":[{"uid":"ece4d247d6d0b52c","name":"log","source":"ece4d247d6d0b52c.txt","type":"text/plain","size":2223},{"uid":"3886362e79582bd8","name":"stdout","source":"3886362e79582bd8.txt","type":"text/plain","size":157}],"parameters":[],"shouldDisplayMessage":true,"stepsCount":1,"attachmentsCount":2,"hasContent":true},"afterStages":[{"name":"_xunit_setup_method_fixture_TestCreateBuild::0","time":{"start":1743521864643,"stop":1743521864702,"duration":59},"status":"passed","steps":[],"attachments":[],"parameters":[],"shouldDisplayMessage":false,"stepsCount":0,"attachmentsCount":0,"hasContent":false}],"labels":[{"name":"tag","value":"regression"},{"name":"parentSuite","value":"tests.ui_tests"},{"name":"suite","value":"test_create_build"},{"name":"subSuite","value":"TestCreateBuild"},{"name":"host","value":"fv-az2211-340"},{"name":"thread","value":"4129-MainThread"},{"name":"framework","value":"pytest"},{"name":"language","value":"cpython3"},{"name":"package","value":"tests.ui_tests.test_create_build"},{"name":"resultFormat","value":"allure2"}],"parameters":[],"links":[],"hidden":false,"retry":false,"extra":{"severity":"normal","retries":[],"categories":[{"name":"Product defects","matchedStatuses":[],"flaky":false}],"tags":["regression"]},"source":"f9b2f9edfbdfae4c.json","parameterValues":[]}